c:\users\niels\documents\buas\galaxian\galaxianbuas\jaccotemplate\debug\vc142.pdb
c:\users\niels\documents\buas\galaxian\galaxianbuas\jaccotemplate\debug\template.obj
c:\users\niels\documents\buas\galaxian\galaxianbuas\jaccotemplate\debug\surface.obj
c:\users\niels\documents\buas\galaxian\galaxianbuas\jaccotemplate\debug\gameobject.obj
c:\users\niels\documents\buas\galaxian\galaxianbuas\jaccotemplate\debug\game.obj
c:\users\niels\documents\buas\galaxian\galaxianbuas\jaccotemplate\debug\projectile.obj
c:\users\niels\documents\buas\galaxian\galaxianbuas\jaccotemplate\debug\player.obj
c:\users\niels\documents\buas\galaxian\galaxianbuas\jaccotemplate\debug\enemy.obj
c:\users\niels\documents\buas\galaxian\galaxianbuas\jaccotemplate\debug\enemymanager.obj
c:\users\niels\documents\buas\galaxian\galaxianbuas\jaccotemplate\tmpl_2019-08_debug.exe
c:\users\niels\documents\buas\galaxian\galaxianbuas\jaccotemplate\tmpl_2019-08_debug.pdb
c:\users\niels\documents\buas\galaxian\galaxianbuas\jaccotemplate\debug\nativecodeanalysis.read.1.tlog
c:\users\niels\documents\buas\galaxian\galaxianbuas\jaccotemplate\debug\gameobject.nativecodeanalysis.xml
c:\users\niels\documents\buas\galaxian\galaxianbuas\jaccotemplate\debug\vc.nativecodeanalysis.all.xml
c:\users\niels\documents\buas\galaxian\galaxianbuas\jaccotemplate\debug\tmpl_2019-08.tlog\cl.command.1.tlog
c:\users\niels\documents\buas\galaxian\galaxianbuas\jaccotemplate\debug\tmpl_2019-08.tlog\cl.read.1.tlog
c:\users\niels\documents\buas\galaxian\galaxianbuas\jaccotemplate\debug\tmpl_2019-08.tlog\cl.write.1.tlog
c:\users\niels\documents\buas\galaxian\galaxianbuas\jaccotemplate\debug\tmpl_2019-08.tlog\link.command.1.tlog
c:\users\niels\documents\buas\galaxian\galaxianbuas\jaccotemplate\debug\tmpl_2019-08.tlog\link.delete.1.tlog
c:\users\niels\documents\buas\galaxian\galaxianbuas\jaccotemplate\debug\tmpl_2019-08.tlog\link.read.1.tlog
c:\users\niels\documents\buas\galaxian\galaxianbuas\jaccotemplate\debug\tmpl_2019-08.tlog\link.write.1.tlog
