  Enemy.cpp
D:\Buas\Galaxian\JaccoTemplate\Enemy.cpp(46,47): warning C4244:  'argument': conversion from 'float' to 'int', possible loss of data
  EnemyManager.cpp
D:\Buas\Galaxian\JaccoTemplate\Enemy.cpp(46,39): warning C4244:  'argument': conversion from 'float' to 'int', possible loss of data
D:\Buas\Galaxian\JaccoTemplate\EnemyManager.cpp(55,40): warning C4244:  '=': conversion from 'unsigned int' to 'float', possible loss of data
D:\Buas\Galaxian\JaccoTemplate\EnemyManager.cpp(56,40): warning C4244:  '=': conversion from 'unsigned int' to 'float', possible loss of data
D:\Buas\Galaxian\JaccoTemplate\EnemyManager.cpp(65,40): warning C4244:  '=': conversion from 'unsigned int' to 'float', possible loss of data
D:\Buas\Galaxian\JaccoTemplate\EnemyManager.cpp(66,40): warning C4244:  '=': conversion from 'unsigned int' to 'float', possible loss of data
D:\Buas\Galaxian\JaccoTemplate\EnemyManager.cpp(75,40): warning C4244:  '=': conversion from 'unsigned int' to 'float', possible loss of data
D:\Buas\Galaxian\JaccoTemplate\EnemyManager.cpp(76,40): warning C4244:  '=': conversion from 'unsigned int' to 'float', possible loss of data
D:\Buas\Galaxian\JaccoTemplate\EnemyManager.cpp(85,40): warning C4244:  '=': conversion from 'unsigned int' to 'float', possible loss of data
  game.cpp
D:\Buas\Galaxian\JaccoTemplate\EnemyManager.cpp(86,40): warning C4244:  '=': conversion from 'unsigned int' to 'float', possible loss of data
D:\Buas\Galaxian\JaccoTemplate\game.h(48,30): warning C4200:  nonstandard extension used: zero-sized array in struct/union
D:\Buas\Galaxian\JaccoTemplate\game.h(48,30): message :  This member will be ignored by a defaulted constructor or copy/move assignment operator
D:\Buas\Galaxian\JaccoTemplate\game.cpp(6,18): warning C4553:  '==': result of expression not used; did you intend '='?
D:\Buas\Galaxian\JaccoTemplate\game.cpp(9,41): warning C4244:  '=': conversion from 'int' to 'float', possible loss of data
D:\Buas\Galaxian\JaccoTemplate\game.cpp(10,42): warning C4244:  '=': conversion from 'double' to 'float', possible loss of data
D:\Buas\Galaxian\JaccoTemplate\game.cpp(30,30): warning C4018:  '<': signed/unsigned mismatch
D:\Buas\Galaxian\JaccoTemplate\game.cpp(31,31): warning C4018:  '<': signed/unsigned mismatch
D:\Buas\Galaxian\JaccoTemplate\game.cpp(40,30): warning C4018:  '<': signed/unsigned mismatch
D:\Buas\Galaxian\JaccoTemplate\game.cpp(41,31): warning C4018:  '<': signed/unsigned mismatch
D:\Buas\Galaxian\JaccoTemplate\game.cpp(53,30): warning C4018:  '<': signed/unsigned mismatch
D:\Buas\Galaxian\JaccoTemplate\game.cpp(54,31): warning C4018:  '<': signed/unsigned mismatch
D:\Buas\Galaxian\JaccoTemplate\game.cpp(67,30): warning C4018:  '<': signed/unsigned mismatch
D:\Buas\Galaxian\JaccoTemplate\game.cpp(68,31): warning C4018:  '<': signed/unsigned mismatch
D:\Buas\Galaxian\JaccoTemplate\game.cpp(86,59): warning C4244:  'argument': conversion from 'float' to 'int', possible loss of data
  template.cpp
D:\Buas\Galaxian\JaccoTemplate\game.cpp(90,58): warning C4244:  'argument': conversion from 'float' to 'int', possible loss of data
D:\Buas\Galaxian\JaccoTemplate\game.h(48,30): warning C4200:  nonstandard extension used: zero-sized array in struct/union
  Generating Code...
D:\Buas\Galaxian\JaccoTemplate\game.h(48,30): message :  This member will be ignored by a defaulted constructor or copy/move assignment operator
  tmpl_2019-08.vcxproj -> D:\Buas\Galaxian\JaccoTemplate\tmpl_2019-08_debug.exe
